  7164675	INFO      	Log	XnLog.cpp	349	New log started on 2014-04-27 15:57:28
  7164690	INFO      	Log	XnLog.cpp	322	--- Filter Info --- Minimum Severity: VERBOSE
  7164709	VERBOSE   	OniContext	OniContext.cpp	144	No override device in configuration file
  7164725	VERBOSE   	OniContext	OniContext.cpp	155	Configuration has been read from '/Users/ludimation/Desktop/dpas/dpas_project/OpenNI.ini'
  7164730	VERBOSE   	OniContext	OniContext.cpp	162	OpenNI 2.2.0 (Build 33)-MacOSX (Nov 12 2013 16:14:13)
  7164734	VERBOSE   	OniContext	OniContext.cpp	170	Extending the driver path by '/Users/ludimation/Kinect/OpenNI-MacOSX-x64-2.2/Redist/OpenNI2/Drivers', as configured in file '/Users/ludimation/Desktop/dpas/dpas_project/OpenNI.ini'
  7164738	VERBOSE   	OniContext	OniContext.cpp	184	Using '/Users/ludimation/Kinect/OpenNI-MacOSX-x64-2.2/Redist/OpenNI2/Drivers' as driver path
  7164743	VERBOSE   	OniContext	OniContext.cpp	207	Looking for drivers in drivers repository '/Users/ludimation/Kinect/OpenNI-MacOSX-x64-2.2/Redist/OpenNI2/Drivers'
  7243264	INFO      	OniDeviceDriver	OniDeviceDriver.cpp	139	Device connected: Microsoft Kinect (freenect://0)
  7243289	INFO      	OniDeviceDriver	OniDeviceDriver.cpp	156	Device state changed: Microsoft Kinect (freenect://0) to 0
  7247413	INFO      	Log	XnLog.cpp	349	New log started on 2014-04-27 15:57:28
  7247430	INFO      	Log	XnLog.cpp	322	--- Filter Info --- Minimum Severity: VERBOSE
  7247441	VERBOSE   	xnUSB	XnLinuxUSB.cpp	379	Initializing USB...
  7249097	INFO      	xnUSB	XnLinuxUSB.cpp	407	USB is initialized.
  7250887	INFO      	Log	XnLog.cpp	349	New log started on 2014-04-27 15:57:28
  7250900	INFO      	Log	XnLog.cpp	322	--- Filter Info --- Minimum Severity: VERBOSE
  7250910	VERBOSE   	xnUSB	XnLinuxUSB.cpp	379	Initializing USB...
  7252472	INFO      	xnUSB	XnLinuxUSB.cpp	407	USB is initialized.
  7252545	VERBOSE   	OniContext	OniContext.cpp	389	Trying to open device by URI '(NULL)'
  7337381	VERBOSE   	OniContext	OniContext.cpp	56	Initialize: Already initialized
175857337	INFO      	OniContext	OniContext.cpp	286	Shutdown: still need 1 more shutdown calls (to match initializations)
